c:\users\mi\documents\github\my_lab3\laba3_alphabet_var27\alphabet_lib\x64\debug\vc142.pdb
c:\users\mi\documents\github\my_lab3\laba3_alphabet_var27\alphabet_lib\x64\debug\vc142.idb
c:\users\mi\documents\github\my_lab3\laba3_alphabet_var27\alphabet_lib\x64\debug\source.obj
c:\users\mi\documents\github\my_lab3\laba3_alphabet_var27\alphabet_lib\x64\debug\alphabet.obj
c:\users\mi\documents\github\my_lab3\laba3_alphabet_var27\alphabet_lib\x64\debug\alphabet_lib.pdb
c:\users\mi\documents\github\my_lab3\laba3_alphabet_var27\alphabet_lib\x64\debug\alphabet_lib.idb
c:\users\mi\documents\github\my_lab3\laba3_alphabet_var27\x64\debug\alphabet_lib.lib
c:\users\mi\documents\github\my_lab3\laba3_alphabet_var27\x64\debug\alphabet_lib.pdb
c:\users\mi\documents\github\my_lab3\laba3_alphabet_var27\alphabet_lib\x64\debug\alphabet_lib.tlog\alphabet_lib.write.1u.tlog
c:\users\mi\documents\github\my_lab3\laba3_alphabet_var27\alphabet_lib\x64\debug\alphabet_lib.tlog\cl.command.1.tlog
c:\users\mi\documents\github\my_lab3\laba3_alphabet_var27\alphabet_lib\x64\debug\alphabet_lib.tlog\cl.read.1.tlog
c:\users\mi\documents\github\my_lab3\laba3_alphabet_var27\alphabet_lib\x64\debug\alphabet_lib.tlog\cl.write.1.tlog
c:\users\mi\documents\github\my_lab3\laba3_alphabet_var27\alphabet_lib\x64\debug\alphabet_lib.tlog\lib-link.read.1.tlog
c:\users\mi\documents\github\my_lab3\laba3_alphabet_var27\alphabet_lib\x64\debug\alphabet_lib.tlog\lib-link.write.1.tlog
c:\users\mi\documents\github\my_lab3\laba3_alphabet_var27\alphabet_lib\x64\debug\alphabet_lib.tlog\lib.command.1.tlog
c:\users\mi\documents\github\my_lab3\laba3_alphabet_var27\alphabet_lib\x64\debug\alphabet_lib.tlog\link.11008.delete.1.tlog
c:\users\mi\documents\github\my_lab3\laba3_alphabet_var27\alphabet_lib\x64\debug\alphabet_lib.tlog\link.12128-cvtres.read.1.tlog
c:\users\mi\documents\github\my_lab3\laba3_alphabet_var27\alphabet_lib\x64\debug\alphabet_lib.tlog\link.12128-cvtres.write.1.tlog
c:\users\mi\documents\github\my_lab3\laba3_alphabet_var27\alphabet_lib\x64\debug\alphabet_lib.tlog\link.12128-rc.read.1.tlog
c:\users\mi\documents\github\my_lab3\laba3_alphabet_var27\alphabet_lib\x64\debug\alphabet_lib.tlog\link.12128-rc.write.1.tlog
c:\users\mi\documents\github\my_lab3\laba3_alphabet_var27\alphabet_lib\x64\debug\alphabet_lib.tlog\link.12128.delete.1.tlog
c:\users\mi\documents\github\my_lab3\laba3_alphabet_var27\alphabet_lib\x64\debug\alphabet_lib.tlog\link.12128.read.1.tlog
c:\users\mi\documents\github\my_lab3\laba3_alphabet_var27\alphabet_lib\x64\debug\alphabet_lib.tlog\link.12128.write.1.tlog
c:\users\mi\documents\github\my_lab3\laba3_alphabet_var27\alphabet_lib\x64\debug\alphabet_lib.tlog\link.13020.delete.1.tlog
c:\users\mi\documents\github\my_lab3\laba3_alphabet_var27\alphabet_lib\x64\debug\alphabet_lib.tlog\link.14868.delete.1.tlog
c:\users\mi\documents\github\my_lab3\laba3_alphabet_var27\alphabet_lib\x64\debug\alphabet_lib.tlog\link.15184.delete.1.tlog
c:\users\mi\documents\github\my_lab3\laba3_alphabet_var27\alphabet_lib\x64\debug\alphabet_lib.tlog\link.17128.delete.1.tlog
c:\users\mi\documents\github\my_lab3\laba3_alphabet_var27\alphabet_lib\x64\debug\alphabet_lib.tlog\link.17368.delete.1.tlog
c:\users\mi\documents\github\my_lab3\laba3_alphabet_var27\alphabet_lib\x64\debug\alphabet_lib.tlog\link.1836.delete.1.tlog
c:\users\mi\documents\github\my_lab3\laba3_alphabet_var27\alphabet_lib\x64\debug\alphabet_lib.tlog\link.18448.delete.1.tlog
c:\users\mi\documents\github\my_lab3\laba3_alphabet_var27\alphabet_lib\x64\debug\alphabet_lib.tlog\link.18788.delete.1.tlog
c:\users\mi\documents\github\my_lab3\laba3_alphabet_var27\alphabet_lib\x64\debug\alphabet_lib.tlog\link.20344.delete.1.tlog
c:\users\mi\documents\github\my_lab3\laba3_alphabet_var27\alphabet_lib\x64\debug\alphabet_lib.tlog\link.21264.delete.1.tlog
c:\users\mi\documents\github\my_lab3\laba3_alphabet_var27\alphabet_lib\x64\debug\alphabet_lib.tlog\link.21344.delete.1.tlog
c:\users\mi\documents\github\my_lab3\laba3_alphabet_var27\alphabet_lib\x64\debug\alphabet_lib.tlog\link.21648.delete.1.tlog
c:\users\mi\documents\github\my_lab3\laba3_alphabet_var27\alphabet_lib\x64\debug\alphabet_lib.tlog\link.22788.delete.1.tlog
c:\users\mi\documents\github\my_lab3\laba3_alphabet_var27\alphabet_lib\x64\debug\alphabet_lib.tlog\link.22848.delete.1.tlog
c:\users\mi\documents\github\my_lab3\laba3_alphabet_var27\alphabet_lib\x64\debug\alphabet_lib.tlog\link.23040.delete.1.tlog
c:\users\mi\documents\github\my_lab3\laba3_alphabet_var27\alphabet_lib\x64\debug\alphabet_lib.tlog\link.26580.delete.1.tlog
c:\users\mi\documents\github\my_lab3\laba3_alphabet_var27\alphabet_lib\x64\debug\alphabet_lib.tlog\link.26616.delete.1.tlog
c:\users\mi\documents\github\my_lab3\laba3_alphabet_var27\alphabet_lib\x64\debug\alphabet_lib.tlog\link.27712.delete.1.tlog
c:\users\mi\documents\github\my_lab3\laba3_alphabet_var27\alphabet_lib\x64\debug\alphabet_lib.tlog\link.28340.delete.1.tlog
c:\users\mi\documents\github\my_lab3\laba3_alphabet_var27\alphabet_lib\x64\debug\alphabet_lib.tlog\link.6768.delete.1.tlog
c:\users\mi\documents\github\my_lab3\laba3_alphabet_var27\alphabet_lib\x64\debug\alphabet_lib.tlog\link.8136.delete.1.tlog
c:\users\mi\documents\github\my_lab3\laba3_alphabet_var27\alphabet_lib\x64\debug\alphabet_lib.tlog\link.912.delete.1.tlog
c:\users\mi\documents\github\my_lab3\laba3_alphabet_var27\alphabet_lib\x64\debug\alphabet_lib.tlog\link.9944.delete.1.tlog
c:\users\mi\documents\github\my_lab3\laba3_alphabet_var27\alphabet_lib\x64\debug\alphabet_lib.tlog\link.command.1.tlog
c:\users\mi\documents\github\my_lab3\laba3_alphabet_var27\alphabet_lib\x64\debug\alphabet_lib.tlog\link.delete.1.tlog
c:\users\mi\documents\github\my_lab3\laba3_alphabet_var27\alphabet_lib\x64\debug\alphabet_lib.tlog\link.read.1.tlog
c:\users\mi\documents\github\my_lab3\laba3_alphabet_var27\alphabet_lib\x64\debug\alphabet_lib.tlog\link.write.1.tlog
