  dialog.cpp
C:\Users\MI\source\repos\laba3_alphabet_var27\laba3_alphabet_var27\dialog.cpp(37,2): error C2672: "std::get": не найдена соответствующая перегруженная функция
C:\Users\MI\source\repos\laba3_alphabet_var27\laba3_alphabet_var27\dialog.cpp(37,7): error C2784: const _Ty2 &&std::get(const std::pair<_Ty1,_Ty2> &&) noexcept: не удалось вывести аргумент шаблон для "const std::pair<_Ty1,_Ty2> &&" из "double"
C:\Program Files (x86)\Microsoft Visual Studio\2019\Community\VC\Tools\MSVC\14.24.28314\include\utility(562): message : см. объявление "std::get"
C:\Users\MI\source\repos\laba3_alphabet_var27\laba3_alphabet_var27\dialog.cpp(37,7): error C2784: const _Ty1 &&std::get(const std::pair<_Ty1,_Ty2> &&) noexcept: не удалось вывести аргумент шаблон для "const std::pair<_Ty1,_Ty2> &&" из "double"
C:\Program Files (x86)\Microsoft Visual Studio\2019\Community\VC\Tools\MSVC\14.24.28314\include\utility(556): message : см. объявление "std::get"
C:\Users\MI\source\repos\laba3_alphabet_var27\laba3_alphabet_var27\dialog.cpp(37,7): error C2784: const tuple_element<_Idx,std::pair<_Ty1,_Ty2>>::type &&std::get(const std::pair<_Ty1,_Ty2> &&) noexcept: не удалось вывести аргумент шаблон для "const std::pair<_Ty1,_Ty2> &&" из "double"
C:\Program Files (x86)\Microsoft Visual Studio\2019\Community\VC\Tools\MSVC\14.24.28314\include\utility(549): message : см. объявление "std::get"
C:\Users\MI\source\repos\laba3_alphabet_var27\laba3_alphabet_var27\dialog.cpp(37,7): error C2784: _Ty2 &&std::get(std::pair<_Ty1,_Ty2> &&) noexcept: не удалось вывести аргумент шаблон для "std::pair<_Ty1,_Ty2> &&" из "double"
C:\Program Files (x86)\Microsoft Visual Studio\2019\Community\VC\Tools\MSVC\14.24.28314\include\utility(544): message : см. объявление "std::get"
C:\Users\MI\source\repos\laba3_alphabet_var27\laba3_alphabet_var27\dialog.cpp(37,7): error C2784: _Ty1 &&std::get(std::pair<_Ty1,_Ty2> &&) noexcept: не удалось вывести аргумент шаблон для "std::pair<_Ty1,_Ty2> &&" из "double"
C:\Program Files (x86)\Microsoft Visual Studio\2019\Community\VC\Tools\MSVC\14.24.28314\include\utility(539): message : см. объявление "std::get"
C:\Users\MI\source\repos\laba3_alphabet_var27\laba3_alphabet_var27\dialog.cpp(37,7): error C2784: tuple_element<_Idx,std::pair<_Ty1,_Ty2>>::type &&std::get(std::pair<_Ty1,_Ty2> &&) noexcept: не удалось вывести аргумент шаблон для "std::pair<_Ty1,_Ty2> &&" из "double"
C:\Program Files (x86)\Microsoft Visual Studio\2019\Community\VC\Tools\MSVC\14.24.28314\include\utility(532): message : см. объявление "std::get"
C:\Users\MI\source\repos\laba3_alphabet_var27\laba3_alphabet_var27\dialog.cpp(37,7): error C2784: const _Ty2 &std::get(const std::pair<_Ty1,_Ty2> &) noexcept: не удалось вывести аргумент шаблон для "const std::pair<_Ty1,_Ty2> &" из "double"
C:\Program Files (x86)\Microsoft Visual Studio\2019\Community\VC\Tools\MSVC\14.24.28314\include\utility(526): message : см. объявление "std::get"
C:\Users\MI\source\repos\laba3_alphabet_var27\laba3_alphabet_var27\dialog.cpp(37,7): error C2784: const _Ty1 &std::get(const std::pair<_Ty1,_Ty2> &) noexcept: не удалось вывести аргумент шаблон для "const std::pair<_Ty1,_Ty2> &" из "double"
C:\Program Files (x86)\Microsoft Visual Studio\2019\Community\VC\Tools\MSVC\14.24.28314\include\utility(520): message : см. объявление "std::get"
C:\Users\MI\source\repos\laba3_alphabet_var27\laba3_alphabet_var27\dialog.cpp(37,7): error C2784: const tuple_element<_Idx,std::pair<_Ty1,_Ty2>>::type &std::get(const std::pair<_Ty1,_Ty2> &) noexcept: не удалось вывести аргумент шаблон для "const std::pair<_Ty1,_Ty2> &" из "double"
C:\Program Files (x86)\Microsoft Visual Studio\2019\Community\VC\Tools\MSVC\14.24.28314\include\utility(513): message : см. объявление "std::get"
C:\Users\MI\source\repos\laba3_alphabet_var27\laba3_alphabet_var27\dialog.cpp(37,7): error C2784: _Ty2 &std::get(std::pair<_Ty1,_Ty2> &) noexcept: не удалось вывести аргумент шаблон для "std::pair<_Ty1,_Ty2> &" из "double"
C:\Program Files (x86)\Microsoft Visual Studio\2019\Community\VC\Tools\MSVC\14.24.28314\include\utility(508): message : см. объявление "std::get"
C:\Users\MI\source\repos\laba3_alphabet_var27\laba3_alphabet_var27\dialog.cpp(37,7): error C2784: _Ty1 &std::get(std::pair<_Ty1,_Ty2> &) noexcept: не удалось вывести аргумент шаблон для "std::pair<_Ty1,_Ty2> &" из "double"
C:\Program Files (x86)\Microsoft Visual Studio\2019\Community\VC\Tools\MSVC\14.24.28314\include\utility(503): message : см. объявление "std::get"
C:\Users\MI\source\repos\laba3_alphabet_var27\laba3_alphabet_var27\dialog.cpp(37,7): error C2784: tuple_element<_Idx,std::pair<_Ty1,_Ty2>>::type &std::get(std::pair<_Ty1,_Ty2> &) noexcept: не удалось вывести аргумент шаблон для "std::pair<_Ty1,_Ty2> &" из "double"
C:\Program Files (x86)\Microsoft Visual Studio\2019\Community\VC\Tools\MSVC\14.24.28314\include\utility(496): message : см. объявление "std::get"
C:\Users\MI\source\repos\laba3_alphabet_var27\laba3_alphabet_var27\dialog.cpp(38,14): error C2039: setCon: не является членом "prog3::Alphabet"
C:\Users\MI\source\repos\laba3_alphabet_var27\Alphabet_Lib\Alphabet.h(5): message : см. объявление "prog3::Alphabet"
C:\Users\MI\source\repos\laba3_alphabet_var27\laba3_alphabet_var27\dialog.cpp(33): fatal error C1075: "{": не найдена несоответствующая лексема
